# JRE version: OpenJDK Runtime Environment Temurin-17.0.9+9 (17.0.9+9) (build 17.0.9+9)
# Java VM: OpenJDK 64-Bit Server VM Temurin-17.0.9+9 (17.0.9+9, mixed mode, tiered, compressed oops, compressed class ptrs, parallel gc, windows-amd64)
GC Precious Log:
 CPUs: 12 total, 12 available
 Memory: 6005M
 Large Page Support: Disabled
 NUMA Support: Disabled
 Compressed Oops: Enabled (32-bit)
 Alignments: Space 512K, Generation 512K, Heap 2M
 Heap Min Capacity: 100M
 Heap Initial Capacity: 100M
 Heap Max Capacity: 1G
 Pre-touch: Disabled
 Parallel Workers: 10
Heap:
 PSYoungGen      total 31232K, used 13824K [0x00000000eab00000, 0x00000000edc80000, 0x0000000100000000)
  eden space 13824K, 100% used [0x00000000eab00000,0x00000000eb880000,0x00000000eb880000)
  from space 17408K, 0% used [0x00000000ecb80000,0x00000000ecb80000,0x00000000edc80000)
  to   space 17920K, 0% used [0x00000000eb880000,0x00000000eb880000,0x00000000eca00000)
 ParOldGen       total 291328K, used 291096K [0x00000000c0000000, 0x00000000d1c80000, 0x00000000eab00000)
  object space 291328K, 99% used [0x00000000c0000000,0x00000000d1c46118,0x00000000d1c80000)
 Metaspace       used 68321K, committed 69440K, reserved 1114112K
  class space    used 8272K, committed 8768K, reserved 1048576K
GC Heap History (20 events):
Event: 21.891 GC heap before
{Heap before GC invocations=263 (full 11):
 PSYoungGen      total 19968K, used 19820K [0x00000000eab00000, 0x00000000ec300000, 0x0000000100000000)
  eden space 16384K, 100% used [0x00000000eab00000,0x00000000ebb00000,0x00000000ebb00000)
  from space 3584K, 95% used [0x00000000ebf80000,0x00000000ec2db3e8,0x00000000ec300000)
  to   space 3584K, 0% used [0x00000000ebc00000,0x00000000ebc00000,0x00000000ebf80000)
 ParOldGen       total 291328K, used 244931K [0x00000000c0000000, 0x00000000d1c80000, 0x00000000eab00000)
  object space 291328K, 84% used [0x00000000c0000000,0x00000000cef30e40,0x00000000d1c80000)
 Metaspace       used 68246K, committed 69376K, reserved 1114112K
  class space    used 8267K, committed 8768K, reserved 1048576K
}
Event: 21.896 GC heap after
{Heap after GC invocations=263 (full 11):
 PSYoungGen      total 19968K, used 3553K [0x00000000eab00000, 0x00000000eca00000, 0x0000000100000000)
  eden space 16384K, 0% used [0x00000000eab00000,0x00000000eab00000,0x00000000ebb00000)
  from space 3584K, 99% used [0x00000000ebc00000,0x00000000ebf785d8,0x00000000ebf80000)
  to   space 7680K, 0% used [0x00000000ec280000,0x00000000ec280000,0x00000000eca00000)
 ParOldGen       total 291328K, used 248153K [0x00000000c0000000, 0x00000000d1c80000, 0x00000000eab00000)
  object space 291328K, 85% used [0x00000000c0000000,0x00000000cf256620,0x00000000d1c80000)
 Metaspace       used 68246K, committed 69376K, reserved 1114112K
  class space    used 8267K, committed 8768K, reserved 1048576K
}
Event: 21.977 GC heap before
{Heap before GC invocations=264 (full 11):
 PSYoungGen      total 19968K, used 19937K [0x00000000eab00000, 0x00000000eca00000, 0x0000000100000000)
  eden space 16384K, 100% used [0x00000000eab00000,0x00000000ebb00000,0x00000000ebb00000)
  from space 3584K, 99% used [0x00000000ebc00000,0x00000000ebf785d8,0x00000000ebf80000)
  to   space 7680K, 0% used [0x00000000ec280000,0x00000000ec280000,0x00000000eca00000)
 ParOldGen       total 291328K, used 248153K [0x00000000c0000000, 0x00000000d1c80000, 0x00000000eab00000)
  object space 291328K, 85% used [0x00000000c0000000,0x00000000cf256620,0x00000000d1c80000)
 Metaspace       used 68305K, committed 69440K, reserved 1114112K
  class space    used 8272K, committed 8768K, reserved 1048576K
}
Event: 21.986 GC heap after
{Heap after GC invocations=264 (full 11):
 PSYoungGen      total 22528K, used 6135K [0x00000000eab00000, 0x00000000ec880000, 0x0000000100000000)
  eden space 16384K, 0% used [0x00000000eab00000,0x00000000eab00000,0x00000000ebb00000)
  from space 6144K, 99% used [0x00000000ec280000,0x00000000ec87dc68,0x00000000ec880000)
  to   space 6656K, 0% used [0x00000000ebb80000,0x00000000ebb80000,0x00000000ec200000)
 ParOldGen       total 291328K, used 249912K [0x00000000c0000000, 0x00000000d1c80000, 0x00000000eab00000)
  object space 291328K, 85% used [0x00000000c0000000,0x00000000cf40e060,0x00000000d1c80000)
 Metaspace       used 68305K, committed 69440K, reserved 1114112K
  class space    used 8272K, committed 8768K, reserved 1048576K
}
Event: 22.059 GC heap before
{Heap before GC invocations=265 (full 11):
 PSYoungGen      total 22528K, used 22519K [0x00000000eab00000, 0x00000000ec880000, 0x0000000100000000)
  eden space 16384K, 100% used [0x00000000eab00000,0x00000000ebb00000,0x00000000ebb00000)
  from space 6144K, 99% used [0x00000000ec280000,0x00000000ec87dc68,0x00000000ec880000)
  to   space 6656K, 0% used [0x00000000ebb80000,0x00000000ebb80000,0x00000000ec200000)
 ParOldGen       total 291328K, used 249912K [0x00000000c0000000, 0x00000000d1c80000, 0x00000000eab00000)
  object space 291328K, 85% used [0x00000000c0000000,0x00000000cf40e060,0x00000000d1c80000)
 Metaspace       used 68306K, committed 69440K, reserved 1114112K
  class space    used 8272K, committed 8768K, reserved 1048576K
}
Event: 22.068 GC heap after
{Heap after GC invocations=265 (full 11):
 PSYoungGen      total 23040K, used 6638K [0x00000000eab00000, 0x00000000ecf00000, 0x0000000100000000)
  eden space 16384K, 0% used [0x00000000eab00000,0x00000000eab00000,0x00000000ebb00000)
  from space 6656K, 99% used [0x00000000ebb80000,0x00000000ec1fb8c8,0x00000000ec200000)
  to   space 10240K, 0% used [0x00000000ec500000,0x00000000ec500000,0x00000000ecf00000)
 ParOldGen       total 291328K, used 252652K [0x00000000c0000000, 0x00000000d1c80000, 0x00000000eab00000)
  object space 291328K, 86% used [0x00000000c0000000,0x00000000cf6bb2d8,0x00000000d1c80000)
 Metaspace       used 68306K, committed 69440K, reserved 1114112K
  class space    used 8272K, committed 8768K, reserved 1048576K
}
Event: 22.135 GC heap before
{Heap before GC invocations=266 (full 11):
 PSYoungGen      total 23040K, used 23022K [0x00000000eab00000, 0x00000000ecf00000, 0x0000000100000000)
  eden space 16384K, 100% used [0x00000000eab00000,0x00000000ebb00000,0x00000000ebb00000)
  from space 6656K, 99% used [0x00000000ebb80000,0x00000000ec1fb8c8,0x00000000ec200000)
  to   space 10240K, 0% used [0x00000000ec500000,0x00000000ec500000,0x00000000ecf00000)
 ParOldGen       total 291328K, used 252652K [0x00000000c0000000, 0x00000000d1c80000, 0x00000000eab00000)
  object space 291328K, 86% used [0x00000000c0000000,0x00000000cf6bb2d8,0x00000000d1c80000)
 Metaspace       used 68306K, committed 69440K, reserved 1114112K
  class space    used 8272K, committed 8768K, reserved 1048576K
}
Event: 22.150 GC heap after
{Heap after GC invocations=266 (full 11):
 PSYoungGen      total 26624K, used 6942K [0x00000000eab00000, 0x00000000ecd00000, 0x0000000100000000)
  eden space 18432K, 0% used [0x00000000eab00000,0x00000000eab00000,0x00000000ebd00000)
  from space 8192K, 84% used [0x00000000ec500000,0x00000000ecbc7b98,0x00000000ecd00000)
  to   space 8192K, 0% used [0x00000000ebd00000,0x00000000ebd00000,0x00000000ec500000)
 ParOldGen       total 291328K, used 256890K [0x00000000c0000000, 0x00000000d1c80000, 0x00000000eab00000)
  object space 291328K, 88% used [0x00000000c0000000,0x00000000cfadeb90,0x00000000d1c80000)
 Metaspace       used 68306K, committed 69440K, reserved 1114112K
  class space    used 8272K, committed 8768K, reserved 1048576K
}
Event: 22.224 GC heap before
{Heap before GC invocations=267 (full 11):
 PSYoungGen      total 26624K, used 25367K [0x00000000eab00000, 0x00000000ecd00000, 0x0000000100000000)
  eden space 18432K, 99% used [0x00000000eab00000,0x00000000ebcfe220,0x00000000ebd00000)
  from space 8192K, 84% used [0x00000000ec500000,0x00000000ecbc7b98,0x00000000ecd00000)
  to   space 8192K, 0% used [0x00000000ebd00000,0x00000000ebd00000,0x00000000ec500000)
 ParOldGen       total 291328K, used 256890K [0x00000000c0000000, 0x00000000d1c80000, 0x00000000eab00000)
  object space 291328K, 88% used [0x00000000c0000000,0x00000000cfadeb90,0x00000000d1c80000)
 Metaspace       used 68306K, committed 69440K, reserved 1114112K
  class space    used 8272K, committed 8768K, reserved 1048576K
}
Event: 22.230 GC heap after
{Heap after GC invocations=267 (full 11):
 PSYoungGen      total 26624K, used 8191K [0x00000000eab00000, 0x00000000ed900000, 0x0000000100000000)
  eden space 18432K, 0% used [0x00000000eab00000,0x00000000eab00000,0x00000000ebd00000)
  from space 8192K, 99% used [0x00000000ebd00000,0x00000000ec4ffc40,0x00000000ec500000)
  to   space 13312K, 0% used [0x00000000ecc00000,0x00000000ecc00000,0x00000000ed900000)
 ParOldGen       total 291328K, used 260758K [0x00000000c0000000, 0x00000000d1c80000, 0x00000000eab00000)
  object space 291328K, 89% used [0x00000000c0000000,0x00000000cfea5af8,0x00000000d1c80000)
 Metaspace       used 68306K, committed 69440K, reserved 1114112K
  class space    used 8272K, committed 8768K, reserved 1048576K
}
Event: 22.263 GC heap before
{Heap before GC invocations=268 (full 11):
 PSYoungGen      total 26624K, used 26623K [0x00000000eab00000, 0x00000000ed900000, 0x0000000100000000)
  eden space 18432K, 100% used [0x00000000eab00000,0x00000000ebd00000,0x00000000ebd00000)
  from space 8192K, 99% used [0x00000000ebd00000,0x00000000ec4ffc40,0x00000000ec500000)
  to   space 13312K, 0% used [0x00000000ecc00000,0x00000000ecc00000,0x00000000ed900000)
 ParOldGen       total 291328K, used 260758K [0x00000000c0000000, 0x00000000d1c80000, 0x00000000eab00000)
  object space 291328K, 89% used [0x00000000c0000000,0x00000000cfea5af8,0x00000000d1c80000)
 Metaspace       used 68306K, committed 69440K, reserved 1114112K
  class space    used 8272K, committed 8768K, reserved 1048576K
}
Event: 22.271 GC heap after
{Heap after GC invocations=268 (full 11):
 PSYoungGen      total 27648K, used 6365K [0x00000000eab00000, 0x00000000ed280000, 0x0000000100000000)
  eden space 20992K, 0% used [0x00000000eab00000,0x00000000eab00000,0x00000000ebf80000)
  from space 6656K, 95% used [0x00000000ecc00000,0x00000000ed237720,0x00000000ed280000)
  to   space 8704K, 0% used [0x00000000ec180000,0x00000000ec180000,0x00000000eca00000)
 ParOldGen       total 291328K, used 268957K [0x00000000c0000000, 0x00000000d1c80000, 0x00000000eab00000)
  object space 291328K, 92% used [0x00000000c0000000,0x00000000d06a7460,0x00000000d1c80000)
 Metaspace       used 68306K, committed 69440K, reserved 1114112K
  class space    used 8272K, committed 8768K, reserved 1048576K
}
Event: 22.319 GC heap before
{Heap before GC invocations=269 (full 11):
 PSYoungGen      total 27648K, used 27357K [0x00000000eab00000, 0x00000000ed280000, 0x0000000100000000)
  eden space 20992K, 100% used [0x00000000eab00000,0x00000000ebf80000,0x00000000ebf80000)
  from space 6656K, 95% used [0x00000000ecc00000,0x00000000ed237720,0x00000000ed280000)
  to   space 8704K, 0% used [0x00000000ec180000,0x00000000ec180000,0x00000000eca00000)
 ParOldGen       total 291328K, used 268957K [0x00000000c0000000, 0x00000000d1c80000, 0x00000000eab00000)
  object space 291328K, 92% used [0x00000000c0000000,0x00000000d06a7460,0x00000000d1c80000)
 Metaspace       used 68306K, committed 69440K, reserved 1114112K
  class space    used 8272K, committed 8768K, reserved 1048576K
}
Event: 22.324 GC heap after
{Heap after GC invocations=269 (full 11):
 PSYoungGen      total 31744K, used 7447K [0x00000000eab00000, 0x00000000ed200000, 0x0000000100000000)
  eden space 23040K, 0% used [0x00000000eab00000,0x00000000eab00000,0x00000000ec180000)
  from space 8704K, 85% used [0x00000000ec180000,0x00000000ec8c5d98,0x00000000eca00000)
  to   space 8192K, 0% used [0x00000000eca00000,0x00000000eca00000,0x00000000ed200000)
 ParOldGen       total 291328K, used 275133K [0x00000000c0000000, 0x00000000d1c80000, 0x00000000eab00000)
  object space 291328K, 94% used [0x00000000c0000000,0x00000000d0caf5e0,0x00000000d1c80000)
 Metaspace       used 68306K, committed 69440K, reserved 1114112K
  class space    used 8272K, committed 8768K, reserved 1048576K
}
Event: 22.359 GC heap before
{Heap before GC invocations=270 (full 11):
 PSYoungGen      total 31744K, used 30487K [0x00000000eab00000, 0x00000000ed200000, 0x0000000100000000)
  eden space 23040K, 100% used [0x00000000eab00000,0x00000000ec180000,0x00000000ec180000)
  from space 8704K, 85% used [0x00000000ec180000,0x00000000ec8c5d98,0x00000000eca00000)
  to   space 8192K, 0% used [0x00000000eca00000,0x00000000eca00000,0x00000000ed200000)
 ParOldGen       total 291328K, used 275133K [0x00000000c0000000, 0x00000000d1c80000, 0x00000000eab00000)
  object space 291328K, 94% used [0x00000000c0000000,0x00000000d0caf5e0,0x00000000d1c80000)
 Metaspace       used 68306K, committed 69440K, reserved 1114112K
  class space    used 8272K, committed 8768K, reserved 1048576K
}
Event: 22.365 GC heap after
{Heap after GC invocations=270 (full 11):
 PSYoungGen      total 22016K, used 8160K [0x00000000eab00000, 0x00000000ee700000, 0x0000000100000000)
  eden space 13824K, 0% used [0x00000000eab00000,0x00000000eab00000,0x00000000eb880000)
  from space 8192K, 99% used [0x00000000eca00000,0x00000000ed1f81e0,0x00000000ed200000)
  to   space 17920K, 0% used [0x00000000eb880000,0x00000000eb880000,0x00000000eca00000)
 ParOldGen       total 291328K, used 283170K [0x00000000c0000000, 0x00000000d1c80000, 0x00000000eab00000)
  object space 291328K, 97% used [0x00000000c0000000,0x00000000d1488ba8,0x00000000d1c80000)
 Metaspace       used 68306K, committed 69440K, reserved 1114112K
  class space    used 8272K, committed 8768K, reserved 1048576K
}
Event: 22.365 GC heap before
{Heap before GC invocations=271 (full 12):
 PSYoungGen      total 22016K, used 8160K [0x00000000eab00000, 0x00000000ee700000, 0x0000000100000000)
  eden space 13824K, 0% used [0x00000000eab00000,0x00000000eab00000,0x00000000eb880000)
  from space 8192K, 99% used [0x00000000eca00000,0x00000000ed1f81e0,0x00000000ed200000)
  to   space 17920K, 0% used [0x00000000eb880000,0x00000000eb880000,0x00000000eca00000)
 ParOldGen       total 291328K, used 283170K [0x00000000c0000000, 0x00000000d1c80000, 0x00000000eab00000)
  object space 291328K, 97% used [0x00000000c0000000,0x00000000d1488ba8,0x00000000d1c80000)
 Metaspace       used 68306K, committed 69440K, reserved 1114112K
  class space    used 8272K, committed 8768K, reserved 1048576K
}
Event: 22.698 GC heap after
{Heap after GC invocations=271 (full 12):
 PSYoungGen      total 31744K, used 0K [0x00000000eab00000, 0x00000000edd00000, 0x0000000100000000)
  eden space 13824K, 0% used [0x00000000eab00000,0x00000000eab00000,0x00000000eb880000)
  from space 17920K, 0% used [0x00000000eb880000,0x00000000eb880000,0x00000000eca00000)
  to   space 17920K, 0% used [0x00000000ecb80000,0x00000000ecb80000,0x00000000edd00000)
 ParOldGen       total 291328K, used 289640K [0x00000000c0000000, 0x00000000d1c80000, 0x00000000eab00000)
  object space 291328K, 99% used [0x00000000c0000000,0x00000000d1ada060,0x00000000d1c80000)
 Metaspace       used 68306K, committed 69440K, reserved 1114112K
  class space    used 8272K, committed 8768K, reserved 1048576K
}
Event: 22.726 GC heap before
{Heap before GC invocations=272 (full 13):
 PSYoungGen      total 31744K, used 13824K [0x00000000eab00000, 0x00000000edd00000, 0x0000000100000000)
  eden space 13824K, 100% used [0x00000000eab00000,0x00000000eb880000,0x00000000eb880000)
  from space 17920K, 0% used [0x00000000eb880000,0x00000000eb880000,0x00000000eca00000)
  to   space 17920K, 0% used [0x00000000ecb80000,0x00000000ecb80000,0x00000000edd00000)
 ParOldGen       total 291328K, used 289640K [0x00000000c0000000, 0x00000000d1c80000, 0x00000000eab00000)
  object space 291328K, 99% used [0x00000000c0000000,0x00000000d1ada060,0x00000000d1c80000)
 Metaspace       used 68306K, committed 69440K, reserved 1114112K
  class space    used 8272K, committed 8768K, reserved 1048576K
}
Event: 22.884 GC heap after
{Heap after GC invocations=272 (full 13):
 PSYoungGen      total 31232K, used 3904K [0x00000000eab00000, 0x00000000edc80000, 0x0000000100000000)
  eden space 13824K, 28% used [0x00000000eab00000,0x00000000eaed03c0,0x00000000eb880000)
  from space 17408K, 0% used [0x00000000ecb80000,0x00000000ecb80000,0x00000000edc80000)
  to   space 17920K, 0% used [0x00000000eb880000,0x00000000eb880000,0x00000000eca00000)
 ParOldGen       total 291328K, used 291096K [0x00000000c0000000, 0x00000000d1c80000, 0x00000000eab00000)
  object space 291328K, 99% used [0x00000000c0000000,0x00000000d1c46118,0x00000000d1c80000)
 Metaspace       used 68306K, committed 69440K, reserved 1114112K
  class space    used 8272K, committed 8768K, reserved 1048576K
}

