# JRE version: Java(TM) SE Runtime Environment (8.0_391) (build 1.8.0_391-b13)
# Java VM: Java HotSpot(TM) 64-Bit Server VM (25.391-b13 mixed mode windows-amd64 compressed oops)
Heap:
 PSYoungGen      total 137216K, used 10561K [0x000000076ab00000, 0x0000000774f80000, 0x00000007c0000000)
  eden space 126976K, 8% used [0x000000076ab00000,0x000000076b550748,0x0000000772700000)
  from space 10240K, 0% used [0x0000000772700000,0x0000000772700000,0x0000000773100000)
  to   space 11264K, 0% used [0x0000000774480000,0x0000000774480000,0x0000000774f80000)
 ParOldGen       total 115200K, used 30067K [0x00000006c0000000, 0x00000006c7080000, 0x000000076ab00000)
  object space 115200K, 26% used [0x00000006c0000000,0x00000006c1d5ce30,0x00000006c7080000)
 Metaspace       used 55599K, capacity 59500K, committed 59736K, reserved 1099776K
  class space    used 8137K, capacity 8865K, committed 8960K, reserved 1048576K
GC Heap History (10 events):
Event: 11.239 GC heap before
{Heap before GC invocations=16 (full 2):
 PSYoungGen      total 95232K, used 93209K [0x000000076ab00000, 0x0000000772280000, 0x00000007c0000000)
  eden space 87552K, 100% used [0x000000076ab00000,0x0000000770080000,0x0000000770080000)
  from space 7680K, 73% used [0x0000000770080000,0x00000007706064f0,0x0000000770800000)
  to   space 7680K, 0% used [0x0000000771b00000,0x0000000771b00000,0x0000000772280000)
 ParOldGen       total 77312K, used 18314K [0x00000006c0000000, 0x00000006c4b80000, 0x000000076ab00000)
  object space 77312K, 23% used [0x00000006c0000000,0x00000006c11e2a08,0x00000006c4b80000)
 Metaspace       used 40784K, capacity 43004K, committed 43264K, reserved 1085440K
  class space    used 5810K, capacity 6302K, committed 6400K, reserved 1048576K
Event: 11.250 GC heap after
Heap after GC invocations=16 (full 2):
 PSYoungGen      total 113152K, used 7669K [0x000000076ab00000, 0x0000000772500000, 0x00000007c0000000)
  eden space 105472K, 0% used [0x000000076ab00000,0x000000076ab00000,0x0000000771200000)
  from space 7680K, 99% used [0x0000000771b00000,0x000000077227d528,0x0000000772280000)
  to   space 9216K, 0% used [0x0000000771200000,0x0000000771200000,0x0000000771b00000)
 ParOldGen       total 77312K, used 20666K [0x00000006c0000000, 0x00000006c4b80000, 0x000000076ab00000)
  object space 77312K, 26% used [0x00000006c0000000,0x00000006c142ea08,0x00000006c4b80000)
 Metaspace       used 40784K, capacity 43004K, committed 43264K, reserved 1085440K
  class space    used 5810K, capacity 6302K, committed 6400K, reserved 1048576K
}
Event: 12.804 GC heap before
{Heap before GC invocations=17 (full 2):
 PSYoungGen      total 113152K, used 113141K [0x000000076ab00000, 0x0000000772500000, 0x00000007c0000000)
  eden space 105472K, 100% used [0x000000076ab00000,0x0000000771200000,0x0000000771200000)
  from space 7680K, 99% used [0x0000000771b00000,0x000000077227d528,0x0000000772280000)
  to   space 9216K, 0% used [0x0000000771200000,0x0000000771200000,0x0000000771b00000)
 ParOldGen       total 77312K, used 20666K [0x00000006c0000000, 0x00000006c4b80000, 0x000000076ab00000)
  object space 77312K, 26% used [0x00000006c0000000,0x00000006c142ea08,0x00000006c4b80000)
 Metaspace       used 46667K, capacity 49378K, committed 49664K, reserved 1091584K
  class space    used 6764K, capacity 7349K, committed 7424K, reserved 1048576K
Event: 12.819 GC heap after
Heap after GC invocations=17 (full 2):
 PSYoungGen      total 114688K, used 6689K [0x000000076ab00000, 0x0000000773a00000, 0x00000007c0000000)
  eden space 105472K, 0% used [0x000000076ab00000,0x000000076ab00000,0x0000000771200000)
  from space 9216K, 72% used [0x0000000771200000,0x0000000771888640,0x0000000771b00000)
  to   space 9216K, 0% used [0x0000000773100000,0x0000000773100000,0x0000000773a00000)
 ParOldGen       total 77312K, used 27333K [0x00000006c0000000, 0x00000006c4b80000, 0x000000076ab00000)
  object space 77312K, 35% used [0x00000006c0000000,0x00000006c1ab16f8,0x00000006c4b80000)
 Metaspace       used 46667K, capacity 49378K, committed 49664K, reserved 1091584K
  class space    used 6764K, capacity 7349K, committed 7424K, reserved 1048576K
}
Event: 14.144 GC heap before
{Heap before GC invocations=18 (full 2):
 PSYoungGen      total 114688K, used 112161K [0x000000076ab00000, 0x0000000773a00000, 0x00000007c0000000)
  eden space 105472K, 100% used [0x000000076ab00000,0x0000000771200000,0x0000000771200000)
  from space 9216K, 72% used [0x0000000771200000,0x0000000771888640,0x0000000771b00000)
  to   space 9216K, 0% used [0x0000000773100000,0x0000000773100000,0x0000000773a00000)
 ParOldGen       total 77312K, used 27333K [0x00000006c0000000, 0x00000006c4b80000, 0x000000076ab00000)
  object space 77312K, 35% used [0x00000006c0000000,0x00000006c1ab16f8,0x00000006c4b80000)
 Metaspace       used 51168K, capacity 54084K, committed 54400K, reserved 1095680K
  class space    used 7385K, capacity 7975K, committed 8064K, reserved 1048576K
Event: 14.156 GC heap after
Heap after GC invocations=18 (full 2):
 PSYoungGen      total 136192K, used 9140K [0x000000076ab00000, 0x0000000773c00000, 0x00000007c0000000)
  eden space 126976K, 0% used [0x000000076ab00000,0x000000076ab00000,0x0000000772700000)
  from space 9216K, 99% used [0x0000000773100000,0x00000007739ed390,0x0000000773a00000)
  to   space 10240K, 0% used [0x0000000772700000,0x0000000772700000,0x0000000773100000)
 ParOldGen       total 77312K, used 27341K [0x00000006c0000000, 0x00000006c4b80000, 0x000000076ab00000)
  object space 77312K, 35% used [0x00000006c0000000,0x00000006c1ab36f8,0x00000006c4b80000)
 Metaspace       used 51168K, capacity 54084K, committed 54400K, reserved 1095680K
  class space    used 7385K, capacity 7975K, committed 8064K, reserved 1048576K
}
Event: 15.393 GC heap before
{Heap before GC invocations=19 (full 2):
 PSYoungGen      total 136192K, used 82225K [0x000000076ab00000, 0x0000000773c00000, 0x00000007c0000000)
  eden space 126976K, 57% used [0x000000076ab00000,0x000000076f25f2c0,0x0000000772700000)
  from space 9216K, 99% used [0x0000000773100000,0x00000007739ed390,0x0000000773a00000)
  to   space 10240K, 0% used [0x0000000772700000,0x0000000772700000,0x0000000773100000)
 ParOldGen       total 77312K, used 27341K [0x00000006c0000000, 0x00000006c4b80000, 0x000000076ab00000)
  object space 77312K, 35% used [0x00000006c0000000,0x00000006c1ab36f8,0x00000006c4b80000)
 Metaspace       used 55273K, capacity 59018K, committed 59096K, reserved 1099776K
  class space    used 8071K, capacity 8770K, committed 8832K, reserved 1048576K
Event: 15.409 GC heap after
Heap after GC invocations=19 (full 2):
 PSYoungGen      total 137216K, used 9609K [0x000000076ab00000, 0x0000000774f80000, 0x00000007c0000000)
  eden space 126976K, 0% used [0x000000076ab00000,0x000000076ab00000,0x0000000772700000)
  from space 10240K, 93% used [0x0000000772700000,0x0000000773062448,0x0000000773100000)
  to   space 11264K, 0% used [0x0000000774480000,0x0000000774480000,0x0000000774f80000)
 ParOldGen       total 77312K, used 27349K [0x00000006c0000000, 0x00000006c4b80000, 0x000000076ab00000)
  object space 77312K, 35% used [0x00000006c0000000,0x00000006c1ab56f8,0x00000006c4b80000)
 Metaspace       used 55273K, capacity 59018K, committed 59096K, reserved 1099776K
  class space    used 8071K, capacity 8770K, committed 8832K, reserved 1048576K
}
Event: 15.409 GC heap before
{Heap before GC invocations=20 (full 3):
 PSYoungGen      total 137216K, used 9609K [0x000000076ab00000, 0x0000000774f80000, 0x00000007c0000000)
  eden space 126976K, 0% used [0x000000076ab00000,0x000000076ab00000,0x0000000772700000)
  from space 10240K, 93% used [0x0000000772700000,0x0000000773062448,0x0000000773100000)
  to   space 11264K, 0% used [0x0000000774480000,0x0000000774480000,0x0000000774f80000)
 ParOldGen       total 77312K, used 27349K [0x00000006c0000000, 0x00000006c4b80000, 0x000000076ab00000)
  object space 77312K, 35% used [0x00000006c0000000,0x00000006c1ab56f8,0x00000006c4b80000)
 Metaspace       used 55273K, capacity 59018K, committed 59096K, reserved 1099776K
  class space    used 8071K, capacity 8770K, committed 8832K, reserved 1048576K
Event: 15.715 GC heap after
Heap after GC invocations=20 (full 3):
 PSYoungGen      total 137216K, used 0K [0x000000076ab00000, 0x0000000774f80000, 0x00000007c0000000)
  eden space 126976K, 0% used [0x000000076ab00000,0x000000076ab00000,0x0000000772700000)
  from space 10240K, 0% used [0x0000000772700000,0x0000000772700000,0x0000000773100000)
  to   space 11264K, 0% used [0x0000000774480000,0x0000000774480000,0x0000000774f80000)
 ParOldGen       total 115200K, used 30067K [0x00000006c0000000, 0x00000006c7080000, 0x000000076ab00000)
  object space 115200K, 26% used [0x00000006c0000000,0x00000006c1d5ce30,0x00000006c7080000)
 Metaspace       used 55269K, capacity 59006K, committed 59096K, reserved 1099776K
  class space    used 8070K, capacity 8768K, committed 8832K, reserved 1048576K
}

